<?xml version="1.0" encoding="UTF-8"?>
<!-- Generated by org.testng.reporters.JUnitReportReporter -->
<testsuite hostname="DESKTOP-M2FAU9A" failures="0" tests="4" name="Maven.TestClass1" time="0.021" errors="0" timestamp="2022-05-20T01:13:36 IST" skipped="0">
  <testcase classname="Maven.TestClass1" name="testC" time="0.003"/>
  <system-out/>
  <testcase classname="Maven.TestClass1" name="testB" time="0.011"/>
  <system-out/>
  <testcase classname="Maven.TestClass1" name="testA" time="0.005"/>
  <system-out/>
  <testcase classname="Maven.TestClass1" name="testD" time="0.002"/>
  <system-out/>
</testsuite> <!-- Maven.TestClass1 -->
