<?xml version="1.0" encoding="UTF-8"?>
<!-- Generated by org.testng.reporters.JUnitReportReporter -->
<testsuite hostname="DESKTOP-M2FAU9A" failures="0" tests="6" name="Maven.InvocationCount" time="0.035" errors="0" timestamp="2022-05-20T01:23:40 IST" skipped="0">
  <testcase classname="Maven.InvocationCount" name="testB" time="0.005"/>
  <system-out/>
  <testcase classname="Maven.InvocationCount" name="testB" time="0.020"/>
  <system-out/>
  <testcase classname="Maven.InvocationCount" name="testA" time="0.002"/>
  <system-out/>
  <testcase classname="Maven.InvocationCount" name="testA" time="0.002"/>
  <system-out/>
  <testcase classname="Maven.InvocationCount" name="testA" time="0.002"/>
  <system-out/>
  <testcase classname="Maven.InvocationCount" name="testD" time="0.004"/>
  <system-out/>
</testsuite> <!-- Maven.InvocationCount -->
